<?xml version="1.0" encoding="UTF-8"?>
<!-- Generated by org.testng.reporters.JUnitReportReporter -->
<testsuite hostname="Atyam" failures="0" tests="1" name="EXPORT.pim_emplist_idsearch" time="18.368" errors="0" timestamp="11 Mar 2019 10:28:44 GMT" skipped="0">
  <testcase classname="EXPORT.pim_emplist_idsearch" name="DatadrivenTest" time="18.368"/>
</testsuite> <!-- EXPORT.pim_emplist_idsearch -->
