<?xml version="1.0" encoding="UTF-8"?>
<!-- Generated by org.testng.reporters.JUnitReportReporter -->
<testsuite hostname="Atyam" failures="0" tests="1" name="EPORT.Leavelist" time="42.230" errors="0" timestamp="18 Mar 2019 15:37:21 GMT" skipped="0">
  <testcase classname="EPORT.Leavelist" name="Data_driven_test" time="42.230"/>
</testsuite> <!-- EPORT.Leavelist -->
