<?xml version="1.0" encoding="UTF-8"?>
<!-- Generated by org.testng.reporters.JUnitReportReporter -->
<testsuite hostname="Atyam" failures="0" tests="1" name="EXPORT.AddEmp" time="57.988" errors="0" timestamp="18 Mar 2019 10:15:49 GMT" skipped="0">
  <testcase classname="EXPORT.AddEmp" name="AddEmp_datadriventest" time="57.988"/>
</testsuite> <!-- EXPORT.AddEmp -->
