<?xml version="1.0" encoding="UTF-8"?>
<!-- Generated by org.testng.reporters.JUnitReportReporter -->
<testsuite hostname="Atyam" failures="0" tests="3" name="SamSung.Test8" time="78.073" errors="0" timestamp="15 Mar 2019 11:55:42 GMT" skipped="0">
  <testcase classname="SamSung.Test8" name="TC03" time="26.544"/>
  <testcase classname="SamSung.Test8" name="TC01" time="26.083"/>
  <testcase classname="SamSung.Test8" name="TC02" time="25.446"/>
</testsuite> <!-- SamSung.Test8 -->
