<?xml version="1.0" encoding="UTF-8"?>
<!-- Generated by org.testng.reporters.JUnitReportReporter -->
<testsuite hostname="Atyam" failures="0" tests="1" name="DharmajaBasic1.Amajon2" time="11.903" errors="0" timestamp="16 Feb 2019 14:15:10 GMT" skipped="0">
  <testcase classname="DharmajaBasic1.Amajon2" name="allMethods" time="11.903"/>
</testsuite> <!-- DharmajaBasic1.Amajon2 -->
