<?xml version="1.0" encoding="UTF-8"?>
<!-- Generated by org.testng.reporters.JUnitReportReporter -->
<testsuite hostname="Atyam" failures="0" tests="1" name="EXPORT.pim_emplist_namesearch" time="17.830" errors="0" timestamp="12 Mar 2019 09:30:46 GMT" skipped="0">
  <testcase classname="EXPORT.pim_emplist_namesearch" name="DatadrivenTest" time="17.830"/>
</testsuite> <!-- EXPORT.pim_emplist_namesearch -->
