<?xml version="1.0" encoding="UTF-8"?>
<!-- Generated by org.testng.reporters.JUnitReportReporter -->
<testsuite hostname="Atyam" failures="0" tests="1" name="EXPORT.BOOLEAN" time="48.135" errors="0" timestamp="11 Mar 2019 08:20:39 GMT" skipped="0">
  <testcase classname="EXPORT.BOOLEAN" name="boolean_datadriventest" time="48.135"/>
</testsuite> <!-- EXPORT.BOOLEAN -->
