<?xml version="1.0" encoding="UTF-8"?>
<!-- Generated by org.testng.reporters.JUnitReportReporter -->
<testsuite hostname="Atyam" failures="0" tests="1" name="EPORT.ADMIN_USERMANAGEMENT_EXPORT" time="21.537" errors="0" timestamp="06 Mar 2019 09:42:05 GMT" skipped="0">
  <testcase classname="EPORT.ADMIN_USERMANAGEMENT_EXPORT" name="Export_Admin_Qualification" time="21.537"/>
</testsuite> <!-- EPORT.ADMIN_USERMANAGEMENT_EXPORT -->
