<?xml version="1.0" encoding="UTF-8"?>
<!-- Generated by org.testng.reporters.JUnitReportReporter -->
<testsuite hostname="Atyam" failures="0" tests="1" name="EPORT.Admin_Qualification_SkillsExport" time="25.267" errors="0" timestamp="06 Mar 2019 09:34:21 GMT" skipped="0">
  <testcase classname="EPORT.Admin_Qualification_SkillsExport" name="Admin_Qualification_Skills_Add" time="25.267"/>
</testsuite> <!-- EPORT.Admin_Qualification_SkillsExport -->
