<?xml version="1.0" encoding="UTF-8"?>
<!-- Generated by org.testng.reporters.JUnitReportReporter -->
<testsuite hostname="Atyam" failures="0" tests="1" name="SamSung.Test9" time="71.244" errors="0" timestamp="15 Mar 2019 11:49:59 GMT" skipped="0">
  <testcase classname="SamSung.Test9" name="MyHtm4" time="71.244"/>
</testsuite> <!-- SamSung.Test9 -->
