<?xml version="1.0" encoding="UTF-8"?>
<!-- Generated by org.testng.reporters.JUnitReportReporter -->
<testsuite hostname="Atyam" failures="0" tests="1" name="EXPORT.ADMIN_USERMANAGEMENT_namesearch" time="16.235" errors="0" timestamp="11 Mar 2019 14:30:02 GMT" skipped="0">
  <testcase classname="EXPORT.ADMIN_USERMANAGEMENT_namesearch" name="DatadrivenTest" time="16.235"/>
</testsuite> <!-- EXPORT.ADMIN_USERMANAGEMENT_namesearch -->
