<?xml version="1.0" encoding="UTF-8"?>
<!-- Generated by org.testng.reporters.JUnitReportReporter -->
<testsuite hostname="Atyam" failures="0" tests="1" name="EPORT.AdminOrg_locations" time="20.048" errors="0" timestamp="06 Mar 2019 13:12:14 GMT" skipped="0">
  <testcase classname="EPORT.AdminOrg_locations" name="Export_Admin_Qualification" time="20.048"/>
</testsuite> <!-- EPORT.AdminOrg_locations -->
