<?xml version="1.0" encoding="UTF-8"?>
<!-- Generated by org.testng.reporters.JUnitReportReporter -->
<testsuite hostname="Atyam" failures="0" tests="1" name="EXPORT.Leavelist_export" time="27.316" errors="0" timestamp="19 Mar 2019 03:11:34 GMT" skipped="0">
  <testcase classname="EXPORT.Leavelist_export" name="Data_driven_test" time="27.316"/>
</testsuite> <!-- EXPORT.Leavelist_export -->
