<?xml version="1.0" encoding="UTF-8"?>
<!-- Generated by org.testng.reporters.JUnitReportReporter -->
<testsuite hostname="Atyam" failures="0" tests="1" name="EXPORT.ADMIN_USERMANAGEMENT_concatname" time="16.506" errors="0" timestamp="13 Mar 2019 12:05:38 GMT" skipped="0">
  <testcase classname="EXPORT.ADMIN_USERMANAGEMENT_concatname" name="DatadrivenTest" time="16.506"/>
</testsuite> <!-- EXPORT.ADMIN_USERMANAGEMENT_concatname -->
