<?xml version="1.0" encoding="UTF-8"?>
<!-- Generated by org.testng.reporters.JUnitReportReporter -->
<testsuite hostname="Atyam" failures="0" tests="1" name="EPORT.Admin_Qualification_languages" time="17.848" errors="0" timestamp="06 Mar 2019 10:26:46 GMT" skipped="0">
  <testcase classname="EPORT.Admin_Qualification_languages" name="Export_Admin_Qualification" time="17.848"/>
</testsuite> <!-- EPORT.Admin_Qualification_languages -->
