<?xml version="1.0" encoding="UTF-8"?>
<!-- Generated by org.testng.reporters.JUnitReportReporter -->
<testsuite hostname="Atyam" failures="0" tests="1" name="EXPORT.Leave_export" time="0.085" errors="0" timestamp="18 Mar 2019 15:12:23 GMT" skipped="0">
  <testcase classname="EXPORT.Leave_export" name="Data_driven_test" time="0.085"/>
</testsuite> <!-- EXPORT.Leave_export -->
