<?xml version="1.0" encoding="UTF-8"?>
<!-- Generated by org.testng.reporters.JUnitReportReporter -->
<testsuite hostname="Atyam" failures="0" tests="1" name="DharmajaBasic1.Facebook" time="25.043" errors="0" timestamp="16 Feb 2019 14:10:52 GMT" skipped="0">
  <testcase classname="DharmajaBasic1.Facebook" name="b_verifyHomepageTitle" time="25.043"/>
</testsuite> <!-- DharmajaBasic1.Facebook -->
