<?xml version="1.0" encoding="UTF-8"?>
<!-- Generated by org.testng.reporters.JUnitReportReporter -->
<testsuite hostname="Atyam" failures="0" tests="1" name="EXPORT.pim_empsearch" time="20.065" errors="0" timestamp="13 Mar 2019 10:53:04 GMT" skipped="0">
  <testcase classname="EXPORT.pim_empsearch" name="DatadrivenTest" time="20.065"/>
</testsuite> <!-- EXPORT.pim_empsearch -->
